INFO 2022-01-09 21:45:38,739 [server.py:serve:63]
Started server process [74843]

INFO 2022-01-09 21:45:38,744 [on.py:startup:26]
Waiting for application startup.

ERROR 2022-01-09 21:45:38,746 [on.py:send:89]
Traceback (most recent call last):
  File "/Users/antoniomorais/Work/artclass/envs/lib/python3.9/site-packages/starlette/routing.py", line 621, in lifespan
    async with self.lifespan_context(app):
  File "/Users/antoniomorais/Work/artclass/envs/lib/python3.9/site-packages/starlette/routing.py", line 518, in __aenter__
    await self._router.startup()
  File "/Users/antoniomorais/Work/artclass/envs/lib/python3.9/site-packages/starlette/routing.py", line 600, in startup
    handler()
  File "/Users/antoniomorais/Work/artclass/./app/api.py", line 30, in load_artifacts
    artifacts = main.load_artifacts(run_id=run_id)
  File "/Users/antoniomorais/Work/artclass/./artclass/main.py", line 287, in load_artifacts
    artifact_uri = mlflow.get_run(run_id=run_id).info.artifact_uri.split("file://")[-1]
  File "/Users/antoniomorais/Work/artclass/envs/lib/python3.9/site-packages/mlflow/tracking/fluent.py", line 202, in get_run
    return MlflowClient().get_run(run_id)
  File "/Users/antoniomorais/Work/artclass/envs/lib/python3.9/site-packages/mlflow/tracking/client.py", line 96, in get_run
    return self._tracking_client.get_run(run_id)
  File "/Users/antoniomorais/Work/artclass/envs/lib/python3.9/site-packages/mlflow/tracking/_tracking_service/client.py", line 49, in get_run
    return self.store.get_run(run_id)
  File "/Users/antoniomorais/Work/artclass/envs/lib/python3.9/site-packages/mlflow/store/tracking/file_store.py", line 419, in get_run
    run_info = self._get_run_info(run_id)
  File "/Users/antoniomorais/Work/artclass/envs/lib/python3.9/site-packages/mlflow/store/tracking/file_store.py", line 437, in _get_run_info
    raise MlflowException("Run '%s' not found" % run_uuid,
mlflow.exceptions.MlflowException: Run '75daee787c624199a9d3c16ac037055e' not found


ERROR 2022-01-09 21:45:38,755 [on.py:startup:35]
Application startup failed. Exiting.

